Replace Part C? CAP CER 4.7uF 0805 in C:\Users\uqurk\Desktop\Projects\Various-Altium-Projects\Wireless Security Detection\Microcontroller.SchDoc with CAP CER 4.7uF 0805 from UKLIB.IntLib
Replace Part C? CAP CER 100nF 0805 in C:\Users\uqurk\Desktop\Projects\Various-Altium-Projects\Wireless Security Detection\Microcontroller.SchDoc with CAP CER 100nF 0805 from UKLIB.IntLib
Replace Part C? CAP CER 100nF 0805 in C:\Users\uqurk\Desktop\Projects\Various-Altium-Projects\Wireless Security Detection\Microcontroller.SchDoc with CAP CER 100nF 0805 from UKLIB.IntLib
Replace Part C? CAP CER 100nF 0805 in C:\Users\uqurk\Desktop\Projects\Various-Altium-Projects\Wireless Security Detection\Microcontroller.SchDoc with CAP CER 100nF 0805 from UKLIB.IntLib
Replace Part C? CAP CER 1uF 0805 in C:\Users\uqurk\Desktop\Projects\Various-Altium-Projects\Wireless Security Detection\Microcontroller.SchDoc with CAP CER 1uF 0805 from UKLIB.IntLib
Replace Part C? CAP CER 100nF 0805 in C:\Users\uqurk\Desktop\Projects\Various-Altium-Projects\Wireless Security Detection\Microcontroller.SchDoc with CAP CER 100nF 0805 from UKLIB.IntLib
Replace Part C? CAP CER 4.7uF 0805 in C:\Users\uqurk\Desktop\Projects\Various-Altium-Projects\Wireless Security Detection\Microcontroller.SchDoc with CAP CER 4.7uF 0805 from UKLIB.IntLib
Replace Part C? CAP CER 1uF 0805 in C:\Users\uqurk\Desktop\Projects\Various-Altium-Projects\Wireless Security Detection\Microcontroller.SchDoc with CAP CER 1uF 0805 from UKLIB.IntLib
Replace Part C? CAP CER 100nF 0805 in C:\Users\uqurk\Desktop\Projects\Various-Altium-Projects\Wireless Security Detection\Microcontroller.SchDoc with CAP CER 100nF 0805 from UKLIB.IntLib
Replace Part C? CAP CER 20pF 0603 in C:\Users\uqurk\Desktop\Projects\Various-Altium-Projects\Wireless Security Detection\Microcontroller.SchDoc with CAP CER 20pF 0603 from UKLIB.IntLib
Replace Part C? CAP CER 20pF 0603 in C:\Users\uqurk\Desktop\Projects\Various-Altium-Projects\Wireless Security Detection\Microcontroller.SchDoc with CAP CER 20pF 0603 from UKLIB.IntLib
Replace Part C? CAP CER 100nF 0805 in C:\Users\uqurk\Desktop\Projects\Various-Altium-Projects\Wireless Security Detection\Microcontroller.SchDoc with CAP CER 100nF 0805 from UKLIB.IntLib
Replace Part Q? MMBT3904-7-F in C:\Users\uqurk\Desktop\Projects\Various-Altium-Projects\Wireless Security Detection\Microcontroller.SchDoc with MMBT3904-7-F from UKLIB.IntLib
Replace Part R? RES 100R 0603 in C:\Users\uqurk\Desktop\Projects\Various-Altium-Projects\Wireless Security Detection\Microcontroller.SchDoc with RES 100R 0603 from UKLIB.IntLib
Replace Part R? RES 15R 0603 in C:\Users\uqurk\Desktop\Projects\Various-Altium-Projects\Wireless Security Detection\Microcontroller.SchDoc with RES 15R 0603 from UKLIB.IntLib
Replace Part R? RES 100R 0603 in C:\Users\uqurk\Desktop\Projects\Various-Altium-Projects\Wireless Security Detection\Microcontroller.SchDoc with RES 100R 0603 from UKLIB.IntLib
Replace Part R? RES 100R 0603 in C:\Users\uqurk\Desktop\Projects\Various-Altium-Projects\Wireless Security Detection\Microcontroller.SchDoc with RES 100R 0603 from UKLIB.IntLib
Replace Part R? RES 100R 0603 in C:\Users\uqurk\Desktop\Projects\Various-Altium-Projects\Wireless Security Detection\Microcontroller.SchDoc with RES 100R 0603 from UKLIB.IntLib
Replace Part R? RES 15R 0603 in C:\Users\uqurk\Desktop\Projects\Various-Altium-Projects\Wireless Security Detection\Microcontroller.SchDoc with RES 15R 0603 from UKLIB.IntLib
Replace Part R? RES 4K7 0603 in C:\Users\uqurk\Desktop\Projects\Various-Altium-Projects\Wireless Security Detection\Microcontroller.SchDoc with RES 4K7 0603 from UKLIB.IntLib
Replace Part R? RES 4K7 0603 in C:\Users\uqurk\Desktop\Projects\Various-Altium-Projects\Wireless Security Detection\Microcontroller.SchDoc with RES 4K7 0603 from UKLIB.IntLib
Replace Part R? RES 1K 0603 in C:\Users\uqurk\Desktop\Projects\Various-Altium-Projects\Wireless Security Detection\Microcontroller.SchDoc with RES 1K 0603 from UKLIB.IntLib
Replace Part R? RES 100R 0603 in C:\Users\uqurk\Desktop\Projects\Various-Altium-Projects\Wireless Security Detection\Microcontroller.SchDoc with RES 100R 0603 from UKLIB.IntLib
Replace Part R? RES 100R 0603 in C:\Users\uqurk\Desktop\Projects\Various-Altium-Projects\Wireless Security Detection\Microcontroller.SchDoc with RES 100R 0603 from UKLIB.IntLib
Replace Part R? RES 100R 0603 in C:\Users\uqurk\Desktop\Projects\Various-Altium-Projects\Wireless Security Detection\Microcontroller.SchDoc with RES 100R 0603 from UKLIB.IntLib
Replace Part SW? EG1215AA in C:\Users\uqurk\Desktop\Projects\Various-Altium-Projects\Wireless Security Detection\Microcontroller.SchDoc with EG1215AA from UKLIB.IntLib
Replace Part U? ESP32-WROOM-32E (4MB) in C:\Users\uqurk\Desktop\Projects\Various-Altium-Projects\Wireless Security Detection\Microcontroller.SchDoc with ESP32-WROOM-32E (4MB) from UKLIB.IntLib
Replace Part U? USBLC6-2SC6 in C:\Users\uqurk\Desktop\Projects\Various-Altium-Projects\Wireless Security Detection\Microcontroller.SchDoc with USBLC6-2SC6 from UKLIB.IntLib
Replace Part U? STM32F103C6T6A in C:\Users\uqurk\Desktop\Projects\Various-Altium-Projects\Wireless Security Detection\Microcontroller.SchDoc with STM32F103C6T6A from UKLIB.IntLib
Replace Part X? ECS-160-20-30B-TR in C:\Users\uqurk\Desktop\Projects\Various-Altium-Projects\Wireless Security Detection\Microcontroller.SchDoc with ECS-160-20-30B-TR from UKLIB.IntLib
