Replace Part BR? DB105S in C:\Users\uqurk\Desktop\Projects\Various-Altium-Projects\Wireless Security Detection\Power Management.SchDoc with DB105S from UKLIB.IntLib
Replace Part C? CAP ALUM 470uF RADIAL TH in C:\Users\uqurk\Desktop\Projects\Various-Altium-Projects\Wireless Security Detection\Power Management.SchDoc with CAP ALUM 470uF RADIAL TH from UKLIB.IntLib
Replace Part C? CAP CER 4.7uF 0805 in C:\Users\uqurk\Desktop\Projects\Various-Altium-Projects\Wireless Security Detection\Power Management.SchDoc with CAP CER 4.7uF 0805 from UKLIB.IntLib
Replace Part C? CAP CER 1uF 0805 in C:\Users\uqurk\Desktop\Projects\Various-Altium-Projects\Wireless Security Detection\Power Management.SchDoc with CAP CER 1uF 0805 from UKLIB.IntLib
Replace Part C? CAP CER 4.7uF 0805 in C:\Users\uqurk\Desktop\Projects\Various-Altium-Projects\Wireless Security Detection\Power Management.SchDoc with CAP CER 4.7uF 0805 from UKLIB.IntLib
Replace Part C? CAP CER 1uF 0805 in C:\Users\uqurk\Desktop\Projects\Various-Altium-Projects\Wireless Security Detection\Power Management.SchDoc with CAP CER 1uF 0805 from UKLIB.IntLib
Replace Part C? CAP CER 4.7uF 0805 in C:\Users\uqurk\Desktop\Projects\Various-Altium-Projects\Wireless Security Detection\Power Management.SchDoc with CAP CER 4.7uF 0805 from UKLIB.IntLib
Replace Part C? CAP CER 4.7uF 0805 in C:\Users\uqurk\Desktop\Projects\Various-Altium-Projects\Wireless Security Detection\Power Management.SchDoc with CAP CER 4.7uF 0805 from UKLIB.IntLib
Replace Part C? CAP CER 100nF 0603 in C:\Users\uqurk\Desktop\Projects\Various-Altium-Projects\Wireless Security Detection\Power Management.SchDoc with CAP CER 100nF 0603 from UKLIB.IntLib
Replace Part C? CAP CER 100nF 0805 in C:\Users\uqurk\Desktop\Projects\Various-Altium-Projects\Wireless Security Detection\Power Management.SchDoc with CAP CER 100nF 0805 from UKLIB.IntLib
Replace Part C? CAP CER 1uF 0805 in C:\Users\uqurk\Desktop\Projects\Various-Altium-Projects\Wireless Security Detection\Power Management.SchDoc with CAP CER 1uF 0805 from UKLIB.IntLib
Replace Part C? CAP ALUM 470uF RADIAL TH in C:\Users\uqurk\Desktop\Projects\Various-Altium-Projects\Wireless Security Detection\Power Management.SchDoc with CAP ALUM 470uF RADIAL TH from UKLIB.IntLib
Replace Part C? CAP CER 1uF 0805 in C:\Users\uqurk\Desktop\Projects\Various-Altium-Projects\Wireless Security Detection\Power Management.SchDoc with CAP CER 1uF 0805 from UKLIB.IntLib
Replace Part C? CAP ALUM 68UF RADIAL SMD in C:\Users\uqurk\Desktop\Projects\Various-Altium-Projects\Wireless Security Detection\Power Management.SchDoc with CAP ALUM 68UF RADIAL SMD from UKLIB.IntLib
Replace Part C? CAP CER 10nF 0603 in C:\Users\uqurk\Desktop\Projects\Various-Altium-Projects\Wireless Security Detection\Power Management.SchDoc with CAP CER 10nF 0603 from UKLIB.IntLib
Replace Part D? 1N4148WS in C:\Users\uqurk\Desktop\Projects\Various-Altium-Projects\Wireless Security Detection\Power Management.SchDoc with 1N4148WS from UKLIB.IntLib
Replace Part D? 1N4148WS in C:\Users\uqurk\Desktop\Projects\Various-Altium-Projects\Wireless Security Detection\Power Management.SchDoc with 1N4148WS from UKLIB.IntLib
Replace Part D? 1N4148WS in C:\Users\uqurk\Desktop\Projects\Various-Altium-Projects\Wireless Security Detection\Power Management.SchDoc with 1N4148WS from UKLIB.IntLib
Replace Part D? 1N4148WS in C:\Users\uqurk\Desktop\Projects\Various-Altium-Projects\Wireless Security Detection\Power Management.SchDoc with 1N4148WS from UKLIB.IntLib
Replace Part D? 1SMB5919BT3G in C:\Users\uqurk\Desktop\Projects\Various-Altium-Projects\Wireless Security Detection\Power Management.SchDoc with 1SMB5919BT3G from UKLIB.IntLib
Replace Part F? 3413.0216.22 in C:\Users\uqurk\Desktop\Projects\Various-Altium-Projects\Wireless Security Detection\Power Management.SchDoc with 3413.0216.22 from UKLIB.IntLib
Replace Part J? PJ-037AH-SMT-TR in C:\Users\uqurk\Desktop\Projects\Various-Altium-Projects\Wireless Security Detection\Power Management.SchDoc with PJ-037AH-SMT-TR from UKLIB.IntLib
Replace Part J? PJ-037AH-SMT-TR in C:\Users\uqurk\Desktop\Projects\Various-Altium-Projects\Wireless Security Detection\Power Management.SchDoc with PJ-037AH-SMT-TR from UKLIB.IntLib
Replace Part J? 2P TH TERMINAL 5.08 MALE in C:\Users\uqurk\Desktop\Projects\Various-Altium-Projects\Wireless Security Detection\Power Management.SchDoc with 2P TH TERMINAL 5.08 MALE from UKLIB.IntLib
Replace Part J? 2P TH TERMINAL 5.08 MALE in C:\Users\uqurk\Desktop\Projects\Various-Altium-Projects\Wireless Security Detection\Power Management.SchDoc with 2P TH TERMINAL 5.08 MALE from UKLIB.IntLib
Replace Part J? 5P SMD CONN 2.54 FEMALE HEADER in C:\Users\uqurk\Desktop\Projects\Various-Altium-Projects\Wireless Security Detection\Power Management.SchDoc with 5P SMD CONN 2.54 FEMALE HEADER from UKLIB.IntLib
Replace Part J? 6P SMD TERMINAL 1.50 MALE in C:\Users\uqurk\Desktop\Projects\Various-Altium-Projects\Wireless Security Detection\Power Management.SchDoc with 6P SMD TERMINAL 1.50 MALE from UKLIB.IntLib
Replace Part J? 2P TH TERMINAL 5.08 MALE in C:\Users\uqurk\Desktop\Projects\Various-Altium-Projects\Wireless Security Detection\Power Management.SchDoc with 2P TH TERMINAL 5.08 MALE from UKLIB.IntLib
Replace Part L? IND 47uH in C:\Users\uqurk\Desktop\Projects\Various-Altium-Projects\Wireless Security Detection\Power Management.SchDoc with IND 47uH from UKLIB.IntLib
Replace Part Q? MMBT3904-7-F in C:\Users\uqurk\Desktop\Projects\Various-Altium-Projects\Wireless Security Detection\Power Management.SchDoc with MMBT3904-7-F from UKLIB.IntLib
Replace Part Q? MMBT3904-7-F in C:\Users\uqurk\Desktop\Projects\Various-Altium-Projects\Wireless Security Detection\Power Management.SchDoc with MMBT3904-7-F from UKLIB.IntLib
Replace Part R? RES 1K 0603 in C:\Users\uqurk\Desktop\Projects\Various-Altium-Projects\Wireless Security Detection\Power Management.SchDoc with RES 1K 0603 from UKLIB.IntLib
Replace Part R? RES 0.27R AXIAL in C:\Users\uqurk\Desktop\Projects\Various-Altium-Projects\Wireless Security Detection\Power Management.SchDoc with RES 0.27R AXIAL from UKLIB.IntLib
Replace Part R? RES 10K 0603 in C:\Users\uqurk\Desktop\Projects\Various-Altium-Projects\Wireless Security Detection\Power Management.SchDoc with RES 10K 0603 from UKLIB.IntLib
Replace Part R? RES 10K 0603 in C:\Users\uqurk\Desktop\Projects\Various-Altium-Projects\Wireless Security Detection\Power Management.SchDoc with RES 10K 0603 from UKLIB.IntLib
Replace Part R? RES 1K 0603 in C:\Users\uqurk\Desktop\Projects\Various-Altium-Projects\Wireless Security Detection\Power Management.SchDoc with RES 1K 0603 from UKLIB.IntLib
Replace Part RL? ALQ112 in C:\Users\uqurk\Desktop\Projects\Various-Altium-Projects\Wireless Security Detection\Power Management.SchDoc with ALQ112 from UKLIB.IntLib
Replace Part RL? ALQ112 in C:\Users\uqurk\Desktop\Projects\Various-Altium-Projects\Wireless Security Detection\Power Management.SchDoc with ALQ112 from UKLIB.IntLib
Replace Part T? BV302S12010 in C:\Users\uqurk\Desktop\Projects\Various-Altium-Projects\Wireless Security Detection\Power Management.SchDoc with BV302S12010 from UKLIB.IntLib
Replace Part U? AP7361-33E-13 in C:\Users\uqurk\Desktop\Projects\Various-Altium-Projects\Wireless Security Detection\Power Management.SchDoc with AP7361-33E-13 from UKLIB.IntLib
Replace Part U? LM2675MX-12/NOPB in C:\Users\uqurk\Desktop\Projects\Various-Altium-Projects\Wireless Security Detection\Power Management.SchDoc with LM2675MX-12/NOPB from UKLIB.IntLib
Replace Part USB? Micro B USB Connector in C:\Users\uqurk\Desktop\Projects\Various-Altium-Projects\Wireless Security Detection\Power Management.SchDoc with Micro B USB Connector from UKLIB.IntLib
